<component name="libraryTable">
  <library name="junit-4.1">
    <CLASSES>
      <root url="jar://$PROJECT_DIR$/gSCalendarGallery/libs/junit-4.1.jar!/" />
    </CLASSES>
    <JAVADOC />
    <SOURCES />
  </library>
</component>